<?xml version="1.0" encoding="UTF-8"?>
<testng-results ignored="0" total="2" passed="2" failed="0" skipped="0">
  <reporter-output>
  </reporter-output>
  <suite started-at="2025-12-05T21:35:37 IST" name="Default suite" finished-at="2025-12-05T21:35:43 IST" duration-ms="5887">
    <groups>
    </groups>
    <test started-at="2025-12-05T21:35:37 IST" name="Default test" finished-at="2025-12-05T21:35:43 IST" duration-ms="5887">
      <class name="apis.api">
        <test-method signature="login(java.lang.String,java.lang.String)[pri:0, instance:apis.api@7c7b252e]" started-at="2025-12-05T21:35:37 IST" name="login" data-provider="data" finished-at="2025-12-05T21:35:42 IST" duration-ms="4638" status="PASS">
          <params>
            <param index="0">
              <value>
                <![CDATA[admin]]>
              </value>
            </param>
            <param index="1">
              <value>
                <![CDATA[password123]]>
              </value>
            </param>
          </params>
          <reporter-output>
          </reporter-output>
        </test-method> <!-- login -->
        <test-method signature="login(java.lang.String,java.lang.String)[pri:0, instance:apis.api@7c7b252e]" started-at="2025-12-05T21:35:42 IST" name="login" data-provider="data" finished-at="2025-12-05T21:35:43 IST" duration-ms="1180" status="PASS">
          <params>
            <param index="0">
              <value>
                <![CDATA[admin123]]>
              </value>
            </param>
            <param index="1">
              <value>
                <![CDATA[password]]>
              </value>
            </param>
          </params>
          <reporter-output>
          </reporter-output>
        </test-method> <!-- login -->
      </class> <!-- apis.api -->
    </test> <!-- Default test -->
  </suite> <!-- Default suite -->
</testng-results>
